================================================================================
                             Teresa Processing Log
--------------------------------------------------------------------------------
 Script Version : v1.0.0
 Radar Type     : LT1
 Total Tasks    : 2 stacks
 Processing Date: 2025-07-25 10:46:33
================================================================================

>>>>>>>>>>>>>>>>>>>>>>>>>>>>>>>>>>>>>>>> [1 / 2] Date: 20240726 <<<<<<<<<<<<<<<<<<<<<<<<<<<<<<<<<<<<<<<<
 Meta File      : /data/stacks/lt1_paris_interferogram/slc/LT1B_MONO_MYC_STRIP1_013101_E2.1_N49.2_20240726_SLC_HH_S2A_0000464655/LT1B_MONO_MYC_STRIP1_013101_E2.1_N49.2_20240726_SLC_HH_S2A_0000464655.meta.xml
 Data File      : /data/stacks/lt1_paris_interferogram/slc/LT1B_MONO_MYC_STRIP1_013101_E2.1_N49.2_20240726_SLC_HH_S2A_0000464655/LT1B_MONO_MYC_STRIP1_013101_E2.1_N49.2_20240726_SLC_HH_S2A_0000464655.tiff
 Master Date    : 20240722
 Slave Date     : 20240726
--------------------------------------------------------------------------------
[Step] coarseorb       | START @ 10:46:46
================================================================================
                             Teresa Processing Log
--------------------------------------------------------------------------------
 Script Version : v1.0.0
 Radar Type     : LT1
 Total Tasks    : 2 stacks
 Processing Date: 2025-07-25 10:50:01
================================================================================

>>>>>>>>>>>>>>>>>>>>>>>>>>>>>>>>>>>>>>>> [1 / 2] Date: 20240726 <<<<<<<<<<<<<<<<<<<<<<<<<<<<<<<<<<<<<<<<
 Meta File      : /data/stacks/lt1_paris_interferogram/slc/LT1B_MONO_MYC_STRIP1_013101_E2.1_N49.2_20240726_SLC_HH_S2A_0000464655/LT1B_MONO_MYC_STRIP1_013101_E2.1_N49.2_20240726_SLC_HH_S2A_0000464655.meta.xml
 Data File      : /data/stacks/lt1_paris_interferogram/slc/LT1B_MONO_MYC_STRIP1_013101_E2.1_N49.2_20240726_SLC_HH_S2A_0000464655/LT1B_MONO_MYC_STRIP1_013101_E2.1_N49.2_20240726_SLC_HH_S2A_0000464655.tiff
 Master Date    : 20240722
 Slave Date     : 20240726
--------------------------------------------------------------------------------
[Step] coarseorb       | START @ 10:50:15
================================================================================
                             Teresa Processing Log
--------------------------------------------------------------------------------
 Script Version : v1.0.0
 Radar Type     : LT1
 Total Tasks    : 1 stacks
 Processing Date: 2025-07-25 11:01:55
================================================================================

>>>>>>>>>>>>>>>>>>>>>>>>>>>>>>>>>>>>>>>> [1 / 1] Date: 20240726 <<<<<<<<<<<<<<<<<<<<<<<<<<<<<<<<<<<<<<<<
 Meta File      : LT1B_MONO_MYC_STRIP1_013101_E2.1_N49.2_20240726_SLC_HH_S2A_0000464655.meta.xml
 Data File      : LT1B_MONO_MYC_STRIP1_013101_E2.1_N49.2_20240726_SLC_HH_S2A_0000464655.tiff
 Master Date    : 20240722
 Slave Date     : 20240726
--------------------------------------------------------------------------------
[Step] coarseorb       | START @ 11:01:55
================================================================================
                             Teresa Processing Log
--------------------------------------------------------------------------------
 Script Version : v1.0.0
 Radar Type     : LT1
 Total Tasks    : 1 stacks
 Processing Date: 2025-07-25 11:04:16
================================================================================

>>>>>>>>>>>>>>>>>>>>>>>>>>>>>>>>>>>>>>>> [1 / 1] Date: 20240726 <<<<<<<<<<<<<<<<<<<<<<<<<<<<<<<<<<<<<<<<
 Meta File      : LT1B_MONO_MYC_STRIP1_013101_E2.1_N49.2_20240726_SLC_HH_S2A_0000464655.meta.xml
 Data File      : LT1B_MONO_MYC_STRIP1_013101_E2.1_N49.2_20240726_SLC_HH_S2A_0000464655.tiff
 Master Date    : 20240722
 Slave Date     : 20240726
--------------------------------------------------------------------------------
[Step] coarseorb       | START @ 11:04:16
================================================================================
                             Teresa Processing Log
--------------------------------------------------------------------------------
 Script Version : v1.0.0
 Radar Type     : LT1
 Total Tasks    : 1 stacks
 Processing Date: 2025-07-25 11:30:54
================================================================================

[File Load] Date: 20240722
    Meta File  : LT1A_MONO_MYC_STRIP1_013518_E2.1_N49.2_20240722_SLC_HH_S2A_0000460587.meta.xml
    Data File  : LT1A_MONO_MYC_STRIP1_013518_E2.1_N49.2_20240722_SLC_HH_S2A_0000460587.tiff
    Status     : SUCCESS
[File Load] Date: 20240726
    Meta File  : LT1B_MONO_MYC_STRIP1_013101_E2.1_N49.2_20240726_SLC_HH_S2A_0000464655.meta.xml
    Data File  : LT1B_MONO_MYC_STRIP1_013101_E2.1_N49.2_20240726_SLC_HH_S2A_0000464655.tiff
    Status     : SUCCESS
>>>>>>>>>>>>>>>>>>>>>>>>>>>>>>>>>>>>>>>> [1 / 1] Date: 2024-07-26 <<<<<<<<<<<<<<<<<<<<<<<<<<<<<<<<<<<<<<<<
 Meta File      : LT1B_MONO_MYC_STRIP1_013101_E2.1_N49.2_20240726_SLC_HH_S2A_0000464655.meta.xml
 Data File      : LT1B_MONO_MYC_STRIP1_013101_E2.1_N49.2_20240726_SLC_HH_S2A_0000464655.tiff
 Master Date    : 20240722
 Slave Date     : 20240726
--------------------------------------------------------------------------------
[Step] coarseorb       | START @ 11:31:08
================================================================================
                             Teresa Processing Log
--------------------------------------------------------------------------------
 Script Version : v1.0.0
 Radar Type     : LT1
 Total Tasks    : 1 stacks
 Processing Date: 2025-07-25 11:35:59
================================================================================

[File Load] Date: 20240722
    Meta File  : LT1A_MONO_MYC_STRIP1_013518_E2.1_N49.2_20240722_SLC_HH_S2A_0000460587.meta.xml
    Data File  : LT1A_MONO_MYC_STRIP1_013518_E2.1_N49.2_20240722_SLC_HH_S2A_0000460587.tiff
    Status     : SUCCESS

================================================================================
                             Teresa Processing Log
--------------------------------------------------------------------------------
 Script Version : v1.0.0
 Radar Type     : LT1
 Total Tasks    : 1 stacks
 Processing Date: 2025-07-25 11:38:03
================================================================================

[File Load] Date: 20240722
    Meta File  : LT1A_MONO_MYC_STRIP1_013518_E2.1_N49.2_20240722_SLC_HH_S2A_0000460587.meta.xml
    Data File  : LT1A_MONO_MYC_STRIP1_013518_E2.1_N49.2_20240722_SLC_HH_S2A_0000460587.tiff
    Status     : SUCCESS

[File Load] Date: 20240726
    Meta File  : LT1B_MONO_MYC_STRIP1_013101_E2.1_N49.2_20240726_SLC_HH_S2A_0000464655.meta.xml
    Data File  : LT1B_MONO_MYC_STRIP1_013101_E2.1_N49.2_20240726_SLC_HH_S2A_0000464655.tiff
    Status     : SUCCESS

>>>>>>>>>>>>>>>>>>>>>>>>>>>>>>>>>>>>>>>> [1 / 1] Date: 2024-07-26 <<<<<<<<<<<<<<<<<<<<<<<<<<<<<<<<<<<<<<<<
 Meta File      : LT1B_MONO_MYC_STRIP1_013101_E2.1_N49.2_20240726_SLC_HH_S2A_0000464655.meta.xml
 Data File      : LT1B_MONO_MYC_STRIP1_013101_E2.1_N49.2_20240726_SLC_HH_S2A_0000464655.tiff
 Master Date    : 20240722
 Slave Date     : 20240726
--------------------------------------------------------------------------------
[Step] coarseorb       | START @ 11:38:17
================================================================================================================
                                             Teresa Processing Log
----------------------------------------------------------------------------------------------------------------
 Script Version : v1.0.0
 Radar Type     : LT1
 Total Tasks    : 1 stacks
 Processing Date: 2025-07-25 11:43:27
================================================================================

[File Load] Date: 2024-07-22
    Status     : SKIPPED

[File Load] Date: 2024-07-26
    Status     : SKIPPED

>>>>>>>>>>>>>>>>>>>>>>>>>>>>>>>>>>>>>>>> [1 / 1] Date: 2024-07-26 <<<<<<<<<<<<<<<<<<<<<<<<<<<<<<<<<<<<<<<<
 Meta File      : LT1B_MONO_MYC_STRIP1_013101_E2.1_N49.2_20240726_SLC_HH_S2A_0000464655.meta.xml
 Data File      : LT1B_MONO_MYC_STRIP1_013101_E2.1_N49.2_20240726_SLC_HH_S2A_0000464655.tiff
 Master Date    : 20240722
 Slave Date     : 20240726
--------------------------------------------------------------------------------
[Step] coarseorb       | START @ 11:43:27
================================================================================================================
                                             Teresa Processing Log
----------------------------------------------------------------------------------------------------------------
 Script Version : v1.0.0
 Radar Type     : LT1
 Total Tasks    : 1 stacks
 Processing Date: 2025-07-25 11:43:59
================================================================================

[File Load] Date: 2024-07-22
    Meta File  : LT1A_MONO_MYC_STRIP1_013518_E2.1_N49.2_20240722_SLC_HH_S2A_0000460587.meta.xml
    Data File  : LT1A_MONO_MYC_STRIP1_013518_E2.1_N49.2_20240722_SLC_HH_S2A_0000460587.tiff
    Status     : SUCCESS

[File Load] Date: 2024-07-26
    Meta File  : LT1B_MONO_MYC_STRIP1_013101_E2.1_N49.2_20240726_SLC_HH_S2A_0000464655.meta.xml
    Data File  : LT1B_MONO_MYC_STRIP1_013101_E2.1_N49.2_20240726_SLC_HH_S2A_0000464655.tiff
================================================================================
                             Teresa Processing Log
--------------------------------------------------------------------------------
 Script Version : v1.0.0
 Radar Type     : LT1
 Total Tasks    : 1 stacks
 Processing Date: 2025-07-25 11:48:02
================================================================================

[File Load] Date: 2024-07-22
    Status     : SKIPPED

[File Load] Date: 2024-07-26
    Status     : SKIPPED

>>>>>>>>>>>>>>>>>>>>>>>>>>> [1 / 1] Date: 2024-07-26 <<<<<<<<<<<<<<<<<<<<<<<<<<<
 Meta File      : LT1B_MONO_MYC_STRIP1_013101_E2.1_N49.2_20240726_SLC_HH_S2A_0000464655.meta.xml
 Data File      : LT1B_MONO_MYC_STRIP1_013101_E2.1_N49.2_20240726_SLC_HH_S2A_0000464655.tiff
 Master Date    : 20240722
 Slave Date     : 20240726
--------------------------------------------------------------------------------
[Step] coarseorb       | START @ 11:48:02
================================================================================
                             Teresa Processing Log
--------------------------------------------------------------------------------
 Script Version : v1.0.0
 Radar Type     : LT1
 Total Tasks    : 1 stacks
 Processing Date: 2025-07-25 11:49:10
================================================================================

[File Load] Date: 2024-07-22
    Meta File  : LT1A_MONO_MYC_STRIP1_013518_E2.1_N49.2_20240722_SLC_HH_S2A_0000460587.meta.xml
    Data File  : LT1A_MONO_MYC_STRIP1_013518_E2.1_N49.2_20240722_SLC_HH_S2A_0000460587.tiff
    Status     : SUCCESS

[File Load] Date: 2024-07-26
    Meta File  : LT1B_MONO_MYC_STRIP1_013101_E2.1_N49.2_20240726_SLC_HH_S2A_0000464655.meta.xml
    Data File  : LT1B_MONO_MYC_STRIP1_013101_E2.1_N49.2_20240726_SLC_HH_S2A_0000464655.tiff
    Status     : SUCCESS

>>>>>>>>>>>>>>>>>>>>>>>>>>> [1 / 1] Date: 2024-07-26 <<<<<<<<<<<<<<<<<<<<<<<<<<<
 Meta File      : LT1B_MONO_MYC_STRIP1_013101_E2.1_N49.2_20240726_SLC_HH_S2A_0000464655.meta.xml
 Data File      : LT1B_MONO_MYC_STRIP1_013101_E2.1_N49.2_20240726_SLC_HH_S2A_0000464655.tiff
 Master Date    : 20240722
 Slave Date     : 20240726
--------------------------------------------------------------------------------
[Step] coarseorb       | START @ 11:49:24
====================================================================================================
                                       Teresa Processing Log
----------------------------------------------------------------------------------------------------
 Script Version : v1.0.0
 Radar Type     : LT1
 Total Tasks    : 1 stacks
 Processing Date: 2025-07-25 11:51:59
====================================================================================================

[File Load] Date: 2024-07-22
    Status     : SKIPPED

[File Load] Date: 2024-07-26
    Status     : SKIPPED

>>>>>>>>>>>>>>>>>>>>>>>>>>>>>>>>>>>>> [1 / 1] Date: 2024-07-26 <<<<<<<<<<<<<<<<<<<<<<<<<<<<<<<<<<<<<
 Meta File      : LT1B_MONO_MYC_STRIP1_013101_E2.1_N49.2_20240726_SLC_HH_S2A_0000464655.meta.xml
 Data File      : LT1B_MONO_MYC_STRIP1_013101_E2.1_N49.2_20240726_SLC_HH_S2A_0000464655.tiff
 Master Date    : 20240722
 Slave Date     : 20240726
----------------------------------------------------------------------------------------------------
[Step] coarseorb       | START @ 11:51:59
====================================================================================================
                                       Teresa Processing Log
----------------------------------------------------------------------------------------------------
 Script Version : v1.0.0
 Radar Type     : LT1
 Total Tasks    : 1 stacks
 Processing Date: 2025-07-25 11:52:09
====================================================================================================

[File Load] Date: 2024-07-22
    Meta File  : LT1A_MONO_MYC_STRIP1_013518_E2.1_N49.2_20240722_SLC_HH_S2A_0000460587.meta.xml
    Data File  : LT1A_MONO_MYC_STRIP1_013518_E2.1_N49.2_20240722_SLC_HH_S2A_0000460587.tiff
    Status     : SUCCESS

[File Load] Date: 2024-07-26
    Meta File  : LT1B_MONO_MYC_STRIP1_013101_E2.1_N49.2_20240726_SLC_HH_S2A_0000464655.meta.xml
    Data File  : LT1B_MONO_MYC_STRIP1_013101_E2.1_N49.2_20240726_SLC_HH_S2A_0000464655.tiff
    Status     : SUCCESS

>>>>>>>>>>>>>>>>>>>>>>>>>>>>>>>>>>>>> [1 / 1] Date: 2024-07-26 <<<<<<<<<<<<<<<<<<<<<<<<<<<<<<<<<<<<<
 Meta File      : LT1B_MONO_MYC_STRIP1_013101_E2.1_N49.2_20240726_SLC_HH_S2A_0000464655.meta.xml
 Data File      : LT1B_MONO_MYC_STRIP1_013101_E2.1_N49.2_20240726_SLC_HH_S2A_0000464655.tiff
 Master Date    : 20240722
 Slave Date     : 20240726
----------------------------------------------------------------------------------------------------
[Step] coarseorb       | START @ 11:52:24
====================================================================================================
                                       Teresa Processing Log
----------------------------------------------------------------------------------------------------
 Script Version : v1.0.0
 Radar Type     : LT1
 Total Tasks    : 1 stacks
 Processing Date: 2025-07-25 11:53:46
====================================================================================================

[File Load] Date: 2024-07-22
    Status     : SKIPPED

[File Load] Date: 2024-07-26
    Status     : SKIPPED

>>>>>>>>>>>>>>>>>>>>>>>>>>>>>>>>>>>>> [1 / 1] Date: 2024-07-26 <<<<<<<<<<<<<<<<<<<<<<<<<<<<<<<<<<<<<
 Meta File      : LT1B_MONO_MYC_STRIP1_013101_E2.1_N49.2_20240726_SLC_HH_S2A_0000464655.meta.xml
 Data File      : LT1B_MONO_MYC_STRIP1_013101_E2.1_N49.2_20240726_SLC_HH_S2A_0000464655.tiff
 Master Date    : 20240722
 Slave Date     : 20240726
----------------------------------------------------------------------------------------------------

[Step] coarseorb       | START @ 11:53:46
====================================================================================================
                                       Teresa Processing Log
----------------------------------------------------------------------------------------------------
 Script Version : v1.0.0
 Radar Type     : LT1
 Total Tasks    : 1 stacks
 Processing Date: 2025-07-25 11:54:02
====================================================================================================

[File Load] Date: 2024-07-22
    Meta File  : LT1A_MONO_MYC_STRIP1_013518_E2.1_N49.2_20240722_SLC_HH_S2A_0000460587.meta.xml
    Data File  : LT1A_MONO_MYC_STRIP1_013518_E2.1_N49.2_20240722_SLC_HH_S2A_0000460587.tiff
    Status     : SUCCESS

[File Load] Date: 2024-07-26
    Meta File  : LT1B_MONO_MYC_STRIP1_013101_E2.1_N49.2_20240726_SLC_HH_S2A_0000464655.meta.xml
    Data File  : LT1B_MONO_MYC_STRIP1_013101_E2.1_N49.2_20240726_SLC_HH_S2A_0000464655.tiff
    Status     : SUCCESS

>>>>>>>>>>>>>>>>>>>>>>>>>>>>>>>>>>>>> [1 / 1] Date: 2024-07-26 <<<<<<<<<<<<<<<<<<<<<<<<<<<<<<<<<<<<<
 Meta File      : LT1B_MONO_MYC_STRIP1_013101_E2.1_N49.2_20240726_SLC_HH_S2A_0000464655.meta.xml
 Data File      : LT1B_MONO_MYC_STRIP1_013101_E2.1_N49.2_20240726_SLC_HH_S2A_0000464655.tiff
 Master Date    : 20240722
 Slave Date     : 20240726
----------------------------------------------------------------------------------------------------

[Step] coarseorb       | START @ 11:54:17
====================================================================================================
                                       Teresa Processing Log
----------------------------------------------------------------------------------------------------
 Script Version : v1.0.0
 Radar Type     : LT1
 Total Tasks    : 1 stacks
 Processing Date: 2025-07-25 11:58:05
====================================================================================================

[File Load] Date: 2024-07-22
    Status     : SKIPPED

[File Load] Date: 2024-07-26
    Status     : SKIPPED


>>>>>>>>>>>>>>>>>>>>>>>>>>>>>>>>>>>>> [1 / 1] Date: 2024-07-26 <<<<<<<<<<<<<<<<<<<<<<<<<<<<<<<<<<<<<
 Meta File      : LT1B_MONO_MYC_STRIP1_013101_E2.1_N49.2_20240726_SLC_HH_S2A_0000464655.meta.xml
 Data File      : LT1B_MONO_MYC_STRIP1_013101_E2.1_N49.2_20240726_SLC_HH_S2A_0000464655.tiff
 Master Date    : 20240722
 Slave Date     : 20240726
----------------------------------------------------------------------------------------------------

[Step] coarseorb       | START @ 11:58:05
====================================================================================================
                                       Teresa Processing Log
----------------------------------------------------------------------------------------------------
 Script Version : v1.0.0
 Radar Type     : LT1
 Total Tasks    : 1 stacks
 Processing Date: 2025-07-25 11:58:16
====================================================================================================

[File Load] Date: 2024-07-22
    Meta File  : LT1A_MONO_MYC_STRIP1_013518_E2.1_N49.2_20240722_SLC_HH_S2A_0000460587.meta.xml
    Data File  : LT1A_MONO_MYC_STRIP1_013518_E2.1_N49.2_20240722_SLC_HH_S2A_0000460587.tiff
    Status     : SUCCESS

[File Load] Date: 2024-07-26
    Meta File  : LT1B_MONO_MYC_STRIP1_013101_E2.1_N49.2_20240726_SLC_HH_S2A_0000464655.meta.xml
    Data File  : LT1B_MONO_MYC_STRIP1_013101_E2.1_N49.2_20240726_SLC_HH_S2A_0000464655.tiff
    Status     : SUCCESS


>>>>>>>>>>>>>>>>>>>>>>>>>>>>>>>>>>>>> [1 / 1] Date: 2024-07-26 <<<<<<<<<<<<<<<<<<<<<<<<<<<<<<<<<<<<<
 Meta File      : LT1B_MONO_MYC_STRIP1_013101_E2.1_N49.2_20240726_SLC_HH_S2A_0000464655.meta.xml
 Data File      : LT1B_MONO_MYC_STRIP1_013101_E2.1_N49.2_20240726_SLC_HH_S2A_0000464655.tiff
 Master Date    : 20240722
 Slave Date     : 20240726
----------------------------------------------------------------------------------------------------

[Step] coarseorb       | START @ 11:58:31
